<?xml version="1.0" encoding="UTF-8"?>
<testsuite xmlns:xsi="http://www.w3.org/2001/XMLSchema-instance" xsi:noNamespaceSchemaLocation="https://maven.apache.org/surefire/maven-surefire-plugin/xsd/surefire-test-report.xsd" version="3.0.2" name="com.technlolab.produits.ProduitsApplicationTests" time="2.41" tests="1" errors="0" skipped="0" failures="0">
  <properties>
[...]
</properties>
  <testcase name="contextLoads" classname="com.technlolab.produits.ProduitsApplicationTests" time="0.271">
    <system-out><![CDATA[09:35:25.874 [main] INFO org.springframework.test.context.support.AnnotationConfigContextLoaderUtils -- Could not detect default configuration classes for test class [com.technlolab.produits.ProduitsApplicationTests]: ProduitsApplicationTests does not declare any static, non-private, non-final, nested classes annotated with @Configuration.
09:35:25.919 [main] INFO org.springframework.boot.test.context.SpringBootTestContextBootstrapper -- Found @SpringBootConfiguration com.technlolab.produits.ProduitsApplication for test class com.technlolab.produits.ProduitsApplicationTests
09:35:26.071 [main] INFO org.springframework.boot.devtools.restart.RestartApplicationListener -- Restart disabled due to context in which it is running

  .   ____          _            __ _ _
 /\\ / ___'_ __ _ _(_)_ __  __ _ \ \ \ \
( ( )\___ | '_ | '_| | '_ \/ _` | \ \ \ \
 \\/  ___)| |_)| | | | | || (_| |  ) ) ) )
  '  |____| .__|_| |_|_| |_\__, | / / / /
 =========|_|==============|___/=/_/_/_/

 :: Spring Boot ::                (v3.4.2)

2025-02-27T09:35:26.187Z  INFO 66410 --- [produit-service] [           main] c.t.produits.ProduitsApplicationTests    : Starting ProduitsApplicationTests using Java 17.0.10 with PID 66410 (started by lif in /Users/lif/projets/technolab/springboot/microservices/produits)
2025-02-27T09:35:26.187Z  INFO 66410 --- [produit-service] [           main] c.t.produits.ProduitsApplicationTests    : No active profile set, falling back to 1 default profile: "default"
2025-02-27T09:35:26.485Z  INFO 66410 --- [produit-service] [           main] .s.d.r.c.RepositoryConfigurationDelegate : Bootstrapping Spring Data JPA repositories in DEFAULT mode.
2025-02-27T09:35:26.550Z  INFO 66410 --- [produit-service] [           main] .s.d.r.c.RepositoryConfigurationDelegate : Finished Spring Data repository scanning in 60 ms. Found 1 JPA repository interface.
2025-02-27T09:35:26.645Z  INFO 66410 --- [produit-service] [           main] o.s.cloud.context.scope.GenericScope     : BeanFactory id=e0ba66c6-a1ff-31c0-a1a7-5f0acb6bea40
2025-02-27T09:35:26.759Z  INFO 66410 --- [produit-service] [           main] o.hibernate.jpa.internal.util.LogHelper  : HHH000204: Processing PersistenceUnitInfo [name: default]
2025-02-27T09:35:26.783Z  INFO 66410 --- [produit-service] [           main] org.hibernate.Version                    : HHH000412: Hibernate ORM core version 6.6.5.Final
2025-02-27T09:35:26.801Z  INFO 66410 --- [produit-service] [           main] o.h.c.internal.RegionFactoryInitiator    : HHH000026: Second-level cache disabled
2025-02-27T09:35:26.917Z  INFO 66410 --- [produit-service] [           main] o.s.o.j.p.SpringPersistenceUnitInfo      : No LoadTimeWeaver setup: ignoring JPA class transformer
2025-02-27T09:35:26.929Z  INFO 66410 --- [produit-service] [           main] com.zaxxer.hikari.HikariDataSource       : HikariPool-1 - Starting...
2025-02-27T09:35:26.999Z  INFO 66410 --- [produit-service] [           main] com.zaxxer.hikari.pool.HikariPool        : HikariPool-1 - Added connection com.mysql.cj.jdbc.ConnectionImpl@21ea1d9d
2025-02-27T09:35:27.000Z  INFO 66410 --- [produit-service] [           main] com.zaxxer.hikari.HikariDataSource       : HikariPool-1 - Start completed.
2025-02-27T09:35:27.011Z  WARN 66410 --- [produit-service] [           main] org.hibernate.orm.deprecation            : HHH90000025: MySQL8Dialect does not need to be specified explicitly using 'hibernate.dialect' (remove the property setting and it will be selected by default)
2025-02-27T09:35:27.011Z  WARN 66410 --- [produit-service] [           main] org.hibernate.orm.deprecation            : HHH90000026: MySQL8Dialect has been deprecated; use org.hibernate.dialect.MySQLDialect instead
2025-02-27T09:35:27.019Z  INFO 66410 --- [produit-service] [           main] org.hibernate.orm.connections.pooling    : HHH10001005: Database info:
	Database JDBC URL [Connecting through datasource 'HikariDataSource (HikariPool-1)']
	Database driver: undefined/unknown
	Database version: 8.0
	Autocommit mode: undefined/unknown
	Isolation level: undefined/unknown
	Minimum pool size: undefined/unknown
	Maximum pool size: undefined/unknown
2025-02-27T09:35:27.333Z  INFO 66410 --- [produit-service] [           main] o.h.e.t.j.p.i.JtaPlatformInitiator       : HHH000489: No JTA platform available (set 'hibernate.transaction.jta.platform' to enable JTA platform integration)
2025-02-27T09:35:27.373Z  INFO 66410 --- [produit-service] [           main] j.LocalContainerEntityManagerFactoryBean : Initialized JPA EntityManagerFactory for persistence unit 'default'
2025-02-27T09:35:27.513Z  WARN 66410 --- [produit-service] [           main] JpaBaseConfiguration$JpaWebConfiguration : spring.jpa.open-in-view is enabled by default. Therefore, database queries may be performed during view rendering. Explicitly configure spring.jpa.open-in-view to disable this warning
2025-02-27T09:35:27.719Z  INFO 66410 --- [produit-service] [           main] DiscoveryClientOptionalArgsConfiguration : Eureka HTTP Client uses RestTemplate.
2025-02-27T09:35:27.734Z  WARN 66410 --- [produit-service] [           main] iguration$LoadBalancerCaffeineWarnLogger : Spring Cloud LoadBalancer is currently working with the default cache. While this cache implementation is useful for development and tests, it's recommended to use Caffeine cache in production.You can switch to using Caffeine cache, by adding it and org.springframework.cache.caffeine.CaffeineCacheManager to the classpath.
2025-02-27T09:35:27.742Z  INFO 66410 --- [produit-service] [           main] o.s.c.n.eureka.InstanceInfoFactory       : Setting initial instance status as: STARTING
2025-02-27T09:35:27.753Z  INFO 66410 --- [produit-service] [           main] com.netflix.discovery.DiscoveryClient    : Initializing Eureka in region us-east-1
2025-02-27T09:35:27.755Z  INFO 66410 --- [produit-service] [           main] c.n.d.s.r.aws.ConfigClusterResolver      : Resolving eureka endpoints via configuration
2025-02-27T09:35:27.758Z  INFO 66410 --- [produit-service] [           main] com.netflix.discovery.DiscoveryClient    : Disable delta property : false
2025-02-27T09:35:27.758Z  INFO 66410 --- [produit-service] [           main] com.netflix.discovery.DiscoveryClient    : Single vip registry refresh property : null
2025-02-27T09:35:27.758Z  INFO 66410 --- [produit-service] [           main] com.netflix.discovery.DiscoveryClient    : Force full registry fetch : false
2025-02-27T09:35:27.758Z  INFO 66410 --- [produit-service] [           main] com.netflix.discovery.DiscoveryClient    : Application is null : false
2025-02-27T09:35:27.758Z  INFO 66410 --- [produit-service] [           main] com.netflix.discovery.DiscoveryClient    : Registered Applications size is zero : true
2025-02-27T09:35:27.758Z  INFO 66410 --- [produit-service] [           main] com.netflix.discovery.DiscoveryClient    : Application version is -1: true
2025-02-27T09:35:27.758Z  INFO 66410 --- [produit-service] [           main] com.netflix.discovery.DiscoveryClient    : Getting all instance registry info from the eureka server
2025-02-27T09:35:27.919Z  INFO 66410 --- [produit-service] [           main] com.netflix.discovery.DiscoveryClient    : The response status is 200
2025-02-27T09:35:27.919Z  INFO 66410 --- [produit-service] [           main] com.netflix.discovery.DiscoveryClient    : Starting heartbeat executor: renew interval is: 30
2025-02-27T09:35:27.920Z  INFO 66410 --- [produit-service] [           main] c.n.discovery.InstanceInfoReplicator     : InstanceInfoReplicator onDemand update allowed rate per min is 4
2025-02-27T09:35:27.921Z  INFO 66410 --- [produit-service] [           main] com.netflix.discovery.DiscoveryClient    : Discovery Client initialized at timestamp 1740648927920 with initial instances count: 0
2025-02-27T09:35:27.923Z  INFO 66410 --- [produit-service] [           main] o.s.c.n.e.s.EurekaServiceRegistry        : Registering application PRODUIT-SERVICE with eureka with status UP
2025-02-27T09:35:27.923Z  INFO 66410 --- [produit-service] [           main] com.netflix.discovery.DiscoveryClient    : Saw local status change event StatusChangeEvent [timestamp=1740648927923, current=UP, previous=STARTING]
2025-02-27T09:35:27.923Z  INFO 66410 --- [produit-service] [foReplicator-%d] com.netflix.discovery.DiscoveryClient    : DiscoveryClient_PRODUIT-SERVICE/anaconda.localdomain:produit-service:9093: registering service...
2025-02-27T09:35:27.930Z  INFO 66410 --- [produit-service] [           main] c.t.produits.ProduitsApplicationTests    : Started ProduitsApplicationTests in 1.866 seconds (process running for 2.408)
2025-02-27T09:35:27.947Z  INFO 66410 --- [produit-service] [foReplicator-%d] com.netflix.discovery.DiscoveryClient    : DiscoveryClient_PRODUIT-SERVICE/anaconda.localdomain:produit-service:9093 - registration status: 204
]]></system-out>
  </testcase>
</testsuite>